<?xml version="1.0" encoding="UTF-8"?>
<testsuite xmlns:xsi="http://www.w3.org/2001/XMLSchema-instance" xsi:noNamespaceSchemaLocation="https://maven.apache.org/surefire/maven-surefire-plugin/xsd/surefire-test-report-3.0.xsd" version="3.0" name="projeto.bankautomatizado.tests.paginaPrincipalHomeTests" time="19.036" tests="3" errors="0" skipped="0" failures="0">
  <properties>
[...]
</properties>
  <testcase name="clicarNoBtnCancelarLogin" classname="projeto.bankautomatizado.tests.paginaPrincipalHomeTests" time="8.756"/>
  <testcase name="clicarNoAbrirContaEPreencherCPFValido" classname="projeto.bankautomatizado.tests.paginaPrincipalHomeTests" time="6.423"/>
  <testcase name="clicarNoBtnLogin" classname="projeto.bankautomatizado.tests.paginaPrincipalHomeTests" time="3.853"/>
</testsuite>